[33mWARNING [0m juju.client.connection:connection.py:861 unexpected facade SSHServer received from the controller
[32mINFO    [0m pytest_operator.plugin:plugin.py:762 Adding model github-pr-c7ff9-lxd:test-haproxy-route-xwtt on cloud localhost
[33mWARNING [0m juju.client.connection:connection.py:861 unexpected facade SSHServer received from the controller
[33mWARNING [0m juju.client.connection:connection.py:861 unexpected facade SSHSession received from the controller
[33mWARNING [0m juju.client.connection:connection.py:861 unexpected facade SSHTunneler received from the controller
[32mINFO    [0m juju.model:__init__.py:2301 Deploying local:haproxy-0
[32mINFO    [0m juju.model:__init__.py:3254 Waiting for model:
  haproxy/0 [allocating] waiting: waiting for machine
[32mINFO    [0m juju.model:__init__.py:3254 Waiting for model:
  haproxy/0 [allocating] waiting: agent initialising
[32mINFO    [0m juju.model:__init__.py:2301 Deploying ch:amd64/noble/self-signed-certificates-442
[33mWARNING [0m juju.model:__init__.py:1683 relate is deprecated and will be removed. Use integrate instead.
[32mINFO    [0m juju.model:__init__.py:3254 Waiting for model:
  self-signed-certificates/0 [allocating] waiting: waiting for machine
  haproxy/0 [executing] active: 
[32mINFO    [0m juju.model:__init__.py:3254 Waiting for model:
  self-signed-certificates/0 [allocating] waiting: agent initialising
  haproxy/0 [idle] active: 
[32mINFO    [0m juju.model:__init__.py:3254 Waiting for model:
  self-signed-certificates/0 [idle] active: 
  haproxy/0 [idle] active: 
[32mINFO    [0m juju.model:__init__.py:2301 Deploying ch:amd64/jammy/any-charm-92
[32mINFO    [0m juju.model:__init__.py:3254 Waiting for model:
  haproxy-route-requirer/0 [allocating] waiting: waiting for machine
[32mINFO    [0m juju.model:__init__.py:3254 Waiting for model:
  haproxy-route-requirer/0 [allocating] waiting: waiting for machine
[32mINFO    [0m juju.model:__init__.py:3254 Waiting for model:
  haproxy-route-requirer/0 [idle] active:
[33mWARNING [0m juju.model:__init__.py:1683 relate is deprecated and will be removed. Use integrate instead.
[32mINFO    [0m juju.model:__init__.py:3254 Waiting for model:
  haproxy/0 [executing] blocked: The charm did not request any certificates.
  haproxy-route-requirer/0 [executing] active: Server ready
[32mINFO    [0m juju.model:__init__.py:3254 Waiting for model:
  haproxy/0 [idle] active: 
  haproxy-route-requirer/0 [idle] active: Server ready
[32mINFO    [0m pytest_operator.plugin:plugin.py:951 Model status:

Model                    Controller           Cloud/Region         Version  SLA          Timestamp
test-haproxy-route-xwtt  github-pr-c7ff9-lxd  localhost/localhost  3.6.11   unsupported  10:44:52Z

App                       Version  Status  Scale  Charm                     Channel      Rev  Exposed  Message
haproxy                            active      1  haproxy                                  0  no       
haproxy-route-requirer             active      1  any-charm                 latest/beta   92  no       Server ready
self-signed-certificates           active      1  self-signed-certificates  1/edge       442  no       

Unit                         Workload  Agent  Machine  Public address  Ports       Message
haproxy-route-requirer/0*    active    idle   2        10.118.121.90               Server ready
haproxy/0*                   active    idle   0        10.118.121.237  80,443/tcp  
self-signed-certificates/0*  active    idle   1        10.118.121.197              

Machine  State    Address         Inst id        Base          AZ             Message
0        started  10.118.121.237  juju-ac6cbf-0  ubuntu@24.04  github-runner  Running
1        started  10.118.121.197  juju-ac6cbf-1  ubuntu@24.04  github-runner  Running
2        started  10.118.121.90   juju-ac6cbf-2  ubuntu@22.04  github-runner  Running

[32mINFO    [0m pytest_operator.plugin:plugin.py:957 Juju error logs:

machine-0: 10:41:11 ERROR juju.worker.dependency "kvm-container-provisioner" manifold worker returned unexpected error: container types not yet available
machine-0: 10:41:11 ERROR juju.worker.dependency "lxd-container-provisioner" manifold worker returned unexpected error: container types not yet available
machine-1: 10:42:13 ERROR juju.worker.dependency "lxd-container-provisioner" manifold worker returned unexpected error: container types not yet available
machine-1: 10:42:13 ERROR juju.worker.dependency "kvm-container-provisioner" manifold worker returned unexpected error: container types not yet available
machine-2: 10:43:41 ERROR juju.worker.dependency "lxd-container-provisioner" manifold worker returned unexpected error: container types not yet available
machine-2: 10:43:41 ERROR juju.worker.dependency "kvm-container-provisioner" manifold worker returned unexpected error: container types not yet available
unit-haproxy-0: 10:44:12 ERROR unit.haproxy/0.juju-log haproxy-route:3: 2 validation errors for RequirerApplicationData
service
  Field required [type=missing, input_value={}, input_type=dict]
    For further information visit https://errors.pydantic.dev/2.12/v/missing
ports
  Field required [type=missing, input_value={}, input_type=dict]
    For further information visit https://errors.pydantic.dev/2.12/v/missing
Traceback (most recent call last):
  File "/var/lib/juju/agents/unit-haproxy-0/charm/lib/charms/haproxy/v1/haproxy_route.py", line 240, in load
    return cls.model_validate_json(json.dumps(data))
           ^^^^^^^^^^^^^^^^^^^^^^^^^^^^^^^^^^^^^^^^^
  File "/var/lib/juju/agents/unit-haproxy-0/charm/venv/pydantic/main.py", line 766, in model_validate_json
    return cls.__pydantic_validator__.validate_json(
           ^^^^^^^^^^^^^^^^^^^^^^^^^^^^^^^^^^^^^^^^^
pydantic_core._pydantic_core.ValidationError: 2 validation errors for RequirerApplicationData
service
  Field required [type=missing, input_value={}, input_type=dict]
    For further information visit https://errors.pydantic.dev/2.12/v/missing
ports
  Field required [type=missing, input_value={}, input_type=dict]
    For further information visit https://errors.pydantic.dev/2.12/v/missing
unit-haproxy-0: 10:44:12 ERROR unit.haproxy/0.juju-log haproxy-route:3: Invalid requirer application data for haproxy-route-requirer
unit-haproxy-0: 10:44:12 ERROR unit.haproxy/0.juju-log haproxy-route:3: 2 validation errors for RequirerApplicationData
service
  Field required [type=missing, input_value={}, input_type=dict]
    For further information visit https://errors.pydantic.dev/2.12/v/missing
ports
  Field required [type=missing, input_value={}, input_type=dict]
    For further information visit https://errors.pydantic.dev/2.12/v/missing
Traceback (most recent call last):
  File "/var/lib/juju/agents/unit-haproxy-0/charm/lib/charms/haproxy/v1/haproxy_route.py", line 240, in load
    return cls.model_validate_json(json.dumps(data))
           ^^^^^^^^^^^^^^^^^^^^^^^^^^^^^^^^^^^^^^^^^
  File "/var/lib/juju/agents/unit-haproxy-0/charm/venv/pydantic/main.py", line 766, in model_validate_json
    return cls.__pydantic_validator__.validate_json(
           ^^^^^^^^^^^^^^^^^^^^^^^^^^^^^^^^^^^^^^^^^
pydantic_core._pydantic_core.ValidationError: 2 validation errors for RequirerApplicationData
service
  Field required [type=missing, input_value={}, input_type=dict]
    For further information visit https://errors.pydantic.dev/2.12/v/missing
ports
  Field required [type=missing, input_value={}, input_type=dict]
    For further information visit https://errors.pydantic.dev/2.12/v/missing
unit-haproxy-0: 10:44:12 ERROR unit.haproxy/0.juju-log haproxy-route:3: Invalid requirer application data for haproxy-route-requirer
unit-haproxy-0: 10:44:12 ERROR unit.haproxy/0.juju-log haproxy-route:3: 2 validation errors for RequirerApplicationData
service
  Field required [type=missing, input_value={}, input_type=dict]
    For further information visit https://errors.pydantic.dev/2.12/v/missing
ports
  Field required [type=missing, input_value={}, input_type=dict]
    For further information visit https://errors.pydantic.dev/2.12/v/missing
Traceback (most recent call last):
  File "/var/lib/juju/agents/unit-haproxy-0/charm/lib/charms/haproxy/v1/haproxy_route.py", line 240, in load
    return cls.model_validate_json(json.dumps(data))
           ^^^^^^^^^^^^^^^^^^^^^^^^^^^^^^^^^^^^^^^^^
  File "/var/lib/juju/agents/unit-haproxy-0/charm/venv/pydantic/main.py", line 766, in model_validate_json
    return cls.__pydantic_validator__.validate_json(
           ^^^^^^^^^^^^^^^^^^^^^^^^^^^^^^^^^^^^^^^^^
pydantic_core._pydantic_core.ValidationError: 2 validation errors for RequirerApplicationData
service
  Field required [type=missing, input_value={}, input_type=dict]
    For further information visit https://errors.pydantic.dev/2.12/v/missing
ports
  Field required [type=missing, input_value={}, input_type=dict]
    For further information visit https://errors.pydantic.dev/2.12/v/missing
unit-haproxy-0: 10:44:12 ERROR unit.haproxy/0.juju-log haproxy-route:3: Invalid requirer application data for haproxy-route-requirer
unit-haproxy-0: 10:44:12 ERROR unit.haproxy/0.juju-log haproxy-route:3: The charm did not request any certificates.
unit-haproxy-0: 10:44:12 ERROR unit.haproxy/0.juju-log haproxy-route:3: Not ready to handle TLS.
Traceback (most recent call last):
  File "/var/lib/juju/agents/unit-haproxy-0/charm/src/state/validation.py", line 63, in wrapper
    return method(instance, *args)
           ^^^^^^^^^^^^^^^^^^^^^^^
  File "/var/lib/juju/agents/unit-haproxy-0/charm/./src/charm.py", line 200, in _on_config_changed
    self._reconcile()
  File "/var/lib/juju/agents/unit-haproxy-0/charm/./src/charm.py", line 266, in _reconcile
    self._configure_haproxy_route(charm_state)
  File "/var/lib/juju/agents/unit-haproxy-0/charm/./src/charm.py", line 347, in _configure_haproxy_route
    tls_information = TLSInformation.from_charm(self, self.certificates, allow_no_certificates)
                      ^^^^^^^^^^^^^^^^^^^^^^^^^^^^^^^^^^^^^^^^^^^^^^^^^^^^^^^^^^^^^^^^^^^^^^^^^
  File "/var/lib/juju/agents/unit-haproxy-0/charm/src/state/tls.py", line 70, in from_charm
    cls.validate(charm, certificates, allow_no_certificates)
  File "/var/lib/juju/agents/unit-haproxy-0/charm/src/state/tls.py", line 120, in validate
    raise TLSNotReadyError("The charm did not request any certificates.")
state.tls.TLSNotReadyError: The charm did not request any certificates.
unit-haproxy-0: 10:44:13 ERROR unit.haproxy/0.juju-log haproxy-route:3: 2 validation errors for RequirerApplicationData
service
  Field required [type=missing, input_value={}, input_type=dict]
    For further information visit https://errors.pydantic.dev/2.12/v/missing
ports
  Field required [type=missing, input_value={}, input_type=dict]
    For further information visit https://errors.pydantic.dev/2.12/v/missing
Traceback (most recent call last):
  File "/var/lib/juju/agents/unit-haproxy-0/charm/lib/charms/haproxy/v1/haproxy_route.py", line 240, in load
    return cls.model_validate_json(json.dumps(data))
           ^^^^^^^^^^^^^^^^^^^^^^^^^^^^^^^^^^^^^^^^^
  File "/var/lib/juju/agents/unit-haproxy-0/charm/venv/pydantic/main.py", line 766, in model_validate_json
    return cls.__pydantic_validator__.validate_json(
           ^^^^^^^^^^^^^^^^^^^^^^^^^^^^^^^^^^^^^^^^^
pydantic_core._pydantic_core.ValidationError: 2 validation errors for RequirerApplicationData
service
  Field required [type=missing, input_value={}, input_type=dict]
    For further information visit https://errors.pydantic.dev/2.12/v/missing
ports
  Field required [type=missing, input_value={}, input_type=dict]
    For further information visit https://errors.pydantic.dev/2.12/v/missing
unit-haproxy-0: 10:44:13 ERROR unit.haproxy/0.juju-log haproxy-route:3: Invalid requirer application data for haproxy-route-requirer

[32mINFO    [0m pytest_operator.plugin:plugin.py:1039 Forgetting model main...