[33mWARNING [0m juju.client.connection:connection.py:861 unexpected facade SSHServer received from the controller
[32mINFO    [0m pytest_operator.plugin:plugin.py:762 Adding model github-pr-fa0cf-lxd:test-haproxy-route-g8qp on cloud localhost
[33mWARNING [0m juju.client.connection:connection.py:861 unexpected facade SSHServer received from the controller
[33mWARNING [0m juju.client.connection:connection.py:861 unexpected facade SSHSession received from the controller
[33mWARNING [0m juju.client.connection:connection.py:861 unexpected facade SSHTunneler received from the controller
[32mINFO    [0m juju.model:__init__.py:2301 Deploying local:haproxy-0
[32mINFO    [0m juju.model:__init__.py:3254 Waiting for model:
  haproxy/0 [allocating] waiting: waiting for machine
[32mINFO    [0m juju.model:__init__.py:3254 Waiting for model:
  haproxy/0 [allocating] waiting: waiting for machine
[32mINFO    [0m juju.model:__init__.py:3254 Waiting for model:
  haproxy/0 [idle] active: 
[32mINFO    [0m juju.model:__init__.py:2301 Deploying ch:amd64/noble/self-signed-certificates-446
[33mWARNING [0m juju.model:__init__.py:1683 relate is deprecated and will be removed. Use integrate instead.
[32mINFO    [0m juju.model:__init__.py:3254 Waiting for model:
  self-signed-certificates/0 [allocating] waiting: waiting for machine
  haproxy/0 [executing] active: 
[32mINFO    [0m juju.model:__init__.py:3254 Waiting for model:
  self-signed-certificates/0 [allocating] waiting: waiting for machine
  haproxy/0 [idle] active: 
[32mINFO    [0m juju.model:__init__.py:3254 Waiting for model:
  self-signed-certificates/0 [idle] active: 
  haproxy/0 [idle] active: 
[32mINFO    [0m juju.model:__init__.py:2301 Deploying ch:amd64/noble/any-charm-100
[32mINFO    [0m juju.model:__init__.py:3254 Waiting for model:
  haproxy-route-requirer/0 [allocating] waiting: waiting for machine
[32mINFO    [0m juju.model:__init__.py:3254 Waiting for model:
  haproxy-route-requirer/0 [allocating] waiting: agent initialising
[33mWARNING [0m juju.model:__init__.py:1683 relate is deprecated and will be removed. Use integrate instead.
[32mINFO    [0m juju.model:__init__.py:3254 Waiting for model:
  haproxy/0 [executing] blocked: No hostname configured or requested. See juju debug-log for details.
  haproxy-route-requirer/0 [executing] active: Server ready
[32mINFO    [0m juju.model:__init__.py:3254 Waiting for model:
  haproxy/0 [idle] active: 
  haproxy-route-requirer/0 [idle] active: Server ready
[32mINFO    [0m pytest_operator.plugin:plugin.py:951 Model status:

Model                    Controller           Cloud/Region         Version  SLA          Timestamp
test-haproxy-route-g8qp  github-pr-fa0cf-lxd  localhost/localhost  3.6.11   unsupported  14:19:42Z

App                       Version  Status  Scale  Charm                     Channel      Rev  Exposed  Message
haproxy                            active      1  haproxy                                  0  no       
haproxy-route-requirer             active      1  any-charm                 latest/beta  100  no       Server ready
self-signed-certificates           active      1  self-signed-certificates  1/edge       446  no       

Unit                         Workload  Agent  Machine  Public address  Ports       Message
haproxy-route-requirer/0*    active    idle   2        10.53.226.195               Server ready
haproxy/0*                   active    idle   0        10.53.226.242   80,443/tcp  
self-signed-certificates/0*  active    idle   1        10.53.226.34                

Machine  State    Address        Inst id        Base          AZ             Message
0        started  10.53.226.242  juju-573092-0  ubuntu@24.04  github-runner  Running
1        started  10.53.226.34   juju-573092-1  ubuntu@24.04  github-runner  Running
2        started  10.53.226.195  juju-573092-2  ubuntu@24.04  github-runner  Running

[32mINFO    [0m pytest_operator.plugin:plugin.py:957 Juju error logs:

machine-0: 14:16:03 ERROR juju.worker.dependency "kvm-container-provisioner" manifold worker returned unexpected error: container types not yet available
machine-0: 14:16:03 ERROR juju.worker.dependency "lxd-container-provisioner" manifold worker returned unexpected error: container types not yet available
machine-1: 14:17:13 ERROR juju.worker.dependency "lxd-container-provisioner" manifold worker returned unexpected error: container types not yet available
machine-1: 14:17:13 ERROR juju.worker.dependency "kvm-container-provisioner" manifold worker returned unexpected error: container types not yet available
machine-2: 14:18:27 ERROR juju.worker.dependency "kvm-container-provisioner" manifold worker returned unexpected error: container types not yet available
machine-2: 14:18:27 ERROR juju.worker.dependency "lxd-container-provisioner" manifold worker returned unexpected error: container types not yet available
unit-haproxy-0: 14:19:01 ERROR unit.haproxy/0.juju-log haproxy-route:3: 2 validation errors for RequirerApplicationData
service
  Field required [type=missing, input_value={}, input_type=dict]
    For further information visit https://errors.pydantic.dev/2.12/v/missing
ports
  Field required [type=missing, input_value={}, input_type=dict]
    For further information visit https://errors.pydantic.dev/2.12/v/missing
Traceback (most recent call last):
  File "/var/lib/juju/agents/unit-haproxy-0/charm/lib/charms/haproxy/v1/haproxy_route.py", line 240, in load
    return cls.model_validate_json(json.dumps(data))
           ^^^^^^^^^^^^^^^^^^^^^^^^^^^^^^^^^^^^^^^^^
  File "/var/lib/juju/agents/unit-haproxy-0/charm/venv/lib/python3.12/site-packages/pydantic/main.py", line 766, in model_validate_json
    return cls.__pydantic_validator__.validate_json(
           ^^^^^^^^^^^^^^^^^^^^^^^^^^^^^^^^^^^^^^^^^
pydantic_core._pydantic_core.ValidationError: 2 validation errors for RequirerApplicationData
service
  Field required [type=missing, input_value={}, input_type=dict]
    For further information visit https://errors.pydantic.dev/2.12/v/missing
ports
  Field required [type=missing, input_value={}, input_type=dict]
    For further information visit https://errors.pydantic.dev/2.12/v/missing
unit-haproxy-0: 14:19:01 ERROR unit.haproxy/0.juju-log haproxy-route:3: Invalid requirer application data for haproxy-route-requirer
unit-haproxy-0: 14:19:01 ERROR unit.haproxy/0.juju-log haproxy-route:3: 2 validation errors for RequirerApplicationData
service
  Field required [type=missing, input_value={}, input_type=dict]
    For further information visit https://errors.pydantic.dev/2.12/v/missing
ports
  Field required [type=missing, input_value={}, input_type=dict]
    For further information visit https://errors.pydantic.dev/2.12/v/missing
Traceback (most recent call last):
  File "/var/lib/juju/agents/unit-haproxy-0/charm/lib/charms/haproxy/v1/haproxy_route.py", line 240, in load
    return cls.model_validate_json(json.dumps(data))
           ^^^^^^^^^^^^^^^^^^^^^^^^^^^^^^^^^^^^^^^^^
  File "/var/lib/juju/agents/unit-haproxy-0/charm/venv/lib/python3.12/site-packages/pydantic/main.py", line 766, in model_validate_json
    return cls.__pydantic_validator__.validate_json(
           ^^^^^^^^^^^^^^^^^^^^^^^^^^^^^^^^^^^^^^^^^
pydantic_core._pydantic_core.ValidationError: 2 validation errors for RequirerApplicationData
service
  Field required [type=missing, input_value={}, input_type=dict]
    For further information visit https://errors.pydantic.dev/2.12/v/missing
ports
  Field required [type=missing, input_value={}, input_type=dict]
    For further information visit https://errors.pydantic.dev/2.12/v/missing
unit-haproxy-0: 14:19:01 ERROR unit.haproxy/0.juju-log haproxy-route:3: Invalid requirer application data for haproxy-route-requirer
unit-haproxy-0: 14:19:01 ERROR unit.haproxy/0.juju-log haproxy-route:3: 2 validation errors for RequirerApplicationData
service
  Field required [type=missing, input_value={}, input_type=dict]
    For further information visit https://errors.pydantic.dev/2.12/v/missing
ports
  Field required [type=missing, input_value={}, input_type=dict]
    For further information visit https://errors.pydantic.dev/2.12/v/missing
Traceback (most recent call last):
  File "/var/lib/juju/agents/unit-haproxy-0/charm/lib/charms/haproxy/v1/haproxy_route.py", line 240, in load
    return cls.model_validate_json(json.dumps(data))
           ^^^^^^^^^^^^^^^^^^^^^^^^^^^^^^^^^^^^^^^^^
  File "/var/lib/juju/agents/unit-haproxy-0/charm/venv/lib/python3.12/site-packages/pydantic/main.py", line 766, in model_validate_json
    return cls.__pydantic_validator__.validate_json(
           ^^^^^^^^^^^^^^^^^^^^^^^^^^^^^^^^^^^^^^^^^
pydantic_core._pydantic_core.ValidationError: 2 validation errors for RequirerApplicationData
service
  Field required [type=missing, input_value={}, input_type=dict]
    For further information visit https://errors.pydantic.dev/2.12/v/missing
ports
  Field required [type=missing, input_value={}, input_type=dict]
    For further information visit https://errors.pydantic.dev/2.12/v/missing
unit-haproxy-0: 14:19:01 ERROR unit.haproxy/0.juju-log haproxy-route:3: Invalid requirer application data for haproxy-route-requirer
unit-haproxy-0: 14:19:01 ERROR unit.haproxy/0.juju-log haproxy-route:3: The charm did not request any certificates.You need to either set the `external-hostname` config or request a hostname fromone of the requirer databag.
unit-haproxy-0: 14:19:01 ERROR unit.haproxy/0.juju-log haproxy-route:3: Not ready to handle TLS.
Traceback (most recent call last):
  File "/var/lib/juju/agents/unit-haproxy-0/charm/src/state/validation.py", line 63, in wrapper
    return method(instance, *args)
           ^^^^^^^^^^^^^^^^^^^^^^^
  File "/var/lib/juju/agents/unit-haproxy-0/charm/src/charm.py", line 200, in _on_config_changed
    self._reconcile()
  File "/var/lib/juju/agents/unit-haproxy-0/charm/src/charm.py", line 266, in _reconcile
    self._configure_haproxy_route(charm_state)
  File "/var/lib/juju/agents/unit-haproxy-0/charm/src/charm.py", line 347, in _configure_haproxy_route
    tls_information = TLSInformation.from_charm(self, self.certificates, allow_no_certificates)
                      ^^^^^^^^^^^^^^^^^^^^^^^^^^^^^^^^^^^^^^^^^^^^^^^^^^^^^^^^^^^^^^^^^^^^^^^^^
  File "/var/lib/juju/agents/unit-haproxy-0/charm/src/state/tls.py", line 70, in from_charm
    cls.validate(charm, certificates, allow_no_certificates)
  File "/var/lib/juju/agents/unit-haproxy-0/charm/src/state/tls.py", line 124, in validate
    raise TLSNotReadyError(
state.tls.TLSNotReadyError: No hostname configured or requested. See juju debug-log for details.
unit-haproxy-0: 14:19:02 ERROR unit.haproxy/0.juju-log haproxy-route:3: 2 validation errors for RequirerApplicationData
service
  Field required [type=missing, input_value={}, input_type=dict]
    For further information visit https://errors.pydantic.dev/2.12/v/missing
ports
  Field required [type=missing, input_value={}, input_type=dict]
    For further information visit https://errors.pydantic.dev/2.12/v/missing
Traceback (most recent call last):
  File "/var/lib/juju/agents/unit-haproxy-0/charm/lib/charms/haproxy/v1/haproxy_route.py", line 240, in load
    return cls.model_validate_json(json.dumps(data))
           ^^^^^^^^^^^^^^^^^^^^^^^^^^^^^^^^^^^^^^^^^
  File "/var/lib/juju/agents/unit-haproxy-0/charm/venv/lib/python3.12/site-packages/pydantic/main.py", line 766, in model_validate_json
    return cls.__pydantic_validator__.validate_json(
           ^^^^^^^^^^^^^^^^^^^^^^^^^^^^^^^^^^^^^^^^^
pydantic_core._pydantic_core.ValidationError: 2 validation errors for RequirerApplicationData
service
  Field required [type=missing, input_value={}, input_type=dict]
    For further information visit https://errors.pydantic.dev/2.12/v/missing
ports
  Field required [type=missing, input_value={}, input_type=dict]
    For further information visit https://errors.pydantic.dev/2.12/v/missing
unit-haproxy-0: 14:19:02 ERROR unit.haproxy/0.juju-log haproxy-route:3: Invalid requirer application data for haproxy-route-requirer

[32mINFO    [0m pytest_operator.plugin:plugin.py:1039 Forgetting model main...